<?xml version="1.0" encoding="UTF-8"?>
<!-- Generated by org.testng.reporters.JUnitReportReporter -->
<testsuite hostname="DESKTOP-UTRM8H4" failures="0" tests="1" name="scripts.TestCase2" time="45.045" errors="0" timestamp="2022-10-29T13:19:47 IST" skipped="0">
  <testcase classname="scripts.TestCase2" name="tc2" time="45.045"/>
  <system-out/>
</testsuite> <!-- scripts.TestCase2 -->
