<?xml version="1.0" encoding="UTF-8"?>
<!-- Generated by org.testng.reporters.JUnitReportReporter -->
<testsuite hostname="DESKTOP-UTRM8H4" failures="0" tests="1" name="scripts.TestCase1" time="47.262" errors="0" timestamp="2022-10-29T13:19:47 IST" skipped="0">
  <testcase classname="scripts.TestCase1" name="tc1" time="47.262"/>
  <system-out/>
</testsuite> <!-- scripts.TestCase1 -->
